2025-07-02T17:25:17: ๐ ะกะตัะฒะตั ะทะฐะฟััะตะฝ ะฝะฐ ะฟะพััั 3000
2025-07-02T17:25:17: ๐ ะัะบัะพะนัะต http://localhost:3000 ะฒ ะฑัะฐัะทะตัะต
2025-07-02T17:25:17: โ ะะพะดะบะปััะตะฝะพ ะบ MongoDB
2025-07-02T17:25:17: โ ะัะตัะธะบัั ะธะฝะธัะธะฐะปะธะทะธัะพะฒะฐะฝั
2025-07-02T17:52:13: ๐ค ะะพะฒัะน ะฟะพะปัะทะพะฒะฐัะตะปั ะฟะพะดะบะปััะตะฝ
2025-07-02T17:52:58: ๐ค ะะพะปัะทะพะฒะฐัะตะปั ะพัะบะปััะตะฝ
2025-07-02T17:53:08: ๐ ะกะตัะฒะตั ะทะฐะฟััะตะฝ ะฝะฐ ะฟะพััั 3000
2025-07-02T17:53:08: ๐ ะัะบัะพะนัะต http://localhost:3000 ะฒ ะฑัะฐัะทะตัะต
2025-07-02T17:53:08: โ ะะพะดะบะปััะตะฝะพ ะบ MongoDB
2025-07-02T17:53:08: โ ะัะตัะธะบัั ะธะฝะธัะธะฐะปะธะทะธัะพะฒะฐะฝั
2025-07-02T17:53:11: ๐ค ะะพะฒัะน ะฟะพะปัะทะพะฒะฐัะตะปั ะฟะพะดะบะปััะตะฝ
2025-07-02T17:55:53: ๐ค ะะพะปัะทะพะฒะฐัะตะปั ะพัะบะปััะตะฝ
2025-07-02T17:55:57: ๐ค ะะพะฒัะน ะฟะพะปัะทะพะฒะฐัะตะปั ะฟะพะดะบะปััะตะฝ
2025-07-02T17:57:22: ๐ค ะะพะปัะทะพะฒะฐัะตะปั ะพัะบะปััะตะฝ
2025-07-02T18:15:26: ๐ ะกะตัะฒะตั ะทะฐะฟััะตะฝ ะฝะฐ ะฟะพััั 3000
2025-07-02T18:15:26: ๐ ะัะบัะพะนัะต http://localhost:3000 ะฒ ะฑัะฐัะทะตัะต
2025-07-02T18:15:26: โ ะะพะดะบะปััะตะฝะพ ะบ MongoDB
2025-07-02T18:15:26: โ ะัะตัะธะบัั ะธะฝะธัะธะฐะปะธะทะธัะพะฒะฐะฝั
2025-07-02T18:16:35: ๐ ะกะตัะฒะตั ะทะฐะฟััะตะฝ ะฝะฐ ะฟะพััั 3000
2025-07-02T18:16:35: ๐ ะัะบัะพะนัะต http://localhost:3000 ะฒ ะฑัะฐัะทะตัะต
2025-07-02T18:16:35: โ ะะพะดะบะปััะตะฝะพ ะบ MongoDB
2025-07-02T18:16:35: โ ะัะตัะธะบัั ะธะฝะธัะธะฐะปะธะทะธัะพะฒะฐะฝั
